<?xml version="1.0" encoding="UTF-8"?>
<testsuite xmlns:xsi="http://www.w3.org/2001/XMLSchema-instance" xsi:noNamespaceSchemaLocation="https://maven.apache.org/surefire/maven-surefire-plugin/xsd/surefire-test-report.xsd" name="com.nguyen.app.CalculatorTest" time="0.001" tests="7" errors="0" skipped="0" failures="0">
  <properties>
[...]
</properties>
  <testcase name="testMod_Success" classname="com.nguyen.app.CalculatorTest" time="0"/>
  <testcase name="testMul" classname="com.nguyen.app.CalculatorTest" time="0"/>
  <testcase name="testSub" classname="com.nguyen.app.CalculatorTest" time="0"/>
  <testcase name="testSum" classname="com.nguyen.app.CalculatorTest" time="0"/>
  <testcase name="testMod_Fail" classname="com.nguyen.app.CalculatorTest" time="0"/>
  <testcase name="testDiv_Success" classname="com.nguyen.app.CalculatorTest" time="0"/>
  <testcase name="testDiv_Fail" classname="com.nguyen.app.CalculatorTest" time="0"/>
</testsuite>